{
    "StackId": "arn:aws:cloudformation:us-east-1:098691624503:stack/EAST-GPE-43/c80c6e90-a47c-11eb-99d8-0ee1cf96ccc3"
}
{
    "StackId": "arn:aws:cloudformation:us-west-2:098691624503:stack/WEST-GPE-21/c8f547f0-a47c-11eb-828a-0a00de9510d3"
}
{
    "StackId": "arn:aws:cloudformation:us-east-1:098691624503:stack/EAST-GPE-80/3a2fa3c0-a47d-11eb-be41-1261ea05b3bf"
}
{
    "StackId": "arn:aws:cloudformation:us-west-2:098691624503:stack/WEST-GPE-A2/3b224120-a47d-11eb-860f-0a78ea54322b"
}
{
    "StackId": "arn:aws:cloudformation:us-east-1:098691624503:stack/EAST-GPE-13/53c9d040-a486-11eb-842f-0a13a71c396d"
}
{
    "StackId": "arn:aws:cloudformation:us-west-2:098691624503:stack/WEST-GPE-14/54a8e5a0-a486-11eb-a4af-0a29b26acfc7"
}

{
    "StackId": "arn:aws:cloudformation:us-east-1:098691624503:stack/EAST1-GPE-1A/15c53f40-a5a4-11eb-a37b-0a773b285c67"
}
{
    "StackId": "arn:aws:cloudformation:us-west-2:098691624503:stack/WEST2-GPE-5B/1691b700-a5a4-11eb-a924-0a4ff46eb113"
}
